[0.011s] Invoking command in '/home/farhan-sw/Documents/Github/learn-ros2/section6-services/ros2_ws/build/my_robot_interfaces': CMAKE_PREFIX_PATH=${CMAKE_PREFIX_PATH}:/home/farhan-sw/Documents/Github/learn-ros2/section6-services/ros2_ws/install/my_py_pkg:/home/farhan-sw/Documents/Github/learn-ros2/section3/ros2_ws/install/my_py_pkg:/opt/ros/humble /usr/bin/cmake --build /home/farhan-sw/Documents/Github/learn-ros2/section6-services/ros2_ws/build/my_robot_interfaces -- -j16 -l16
[0.050s] -- Found ament_cmake: 1.3.9 (/opt/ros/humble/share/ament_cmake/cmake)
[0.145s] -- Found rosidl_default_generators: 1.2.0 (/opt/ros/humble/share/rosidl_default_generators/cmake)
[0.148s] -- Using all available rosidl_typesupport_c: rosidl_typesupport_fastrtps_c;rosidl_typesupport_introspection_c
[0.151s] -- Found rosidl_adapter: 3.1.5 (/opt/ros/humble/share/rosidl_adapter/cmake)
[0.181s] -- Using all available rosidl_typesupport_cpp: rosidl_typesupport_fastrtps_cpp;rosidl_typesupport_introspection_cpp
[0.312s] [31mCMake Error at /opt/ros/humble/share/rosidl_adapter/cmake/rosidl_adapt_interfaces.cmake:59 (message):
[0.312s]   execute_process(/usr/bin/python3 -m rosidl_adapter --package-name
[0.312s]   my_robot_interfaces --arguments-file
[0.312s]   /home/farhan-sw/Documents/Github/learn-ros2/section6-services/ros2_ws/build/my_robot_interfaces/rosidl_adapter__arguments__my_robot_interfaces.json
[0.312s]   --output-dir
[0.312s]   /home/farhan-sw/Documents/Github/learn-ros2/section6-services/ros2_ws/build/my_robot_interfaces/rosidl_adapter/my_robot_interfaces
[0.312s]   --output-file
[0.312s]   /home/farhan-sw/Documents/Github/learn-ros2/section6-services/ros2_ws/build/my_robot_interfaces/rosidl_adapter/my_robot_interfaces.idls)
[0.313s]   returned error code 1:
[0.313s] 
[0.313s]   Traceback (most recent call last):
[0.313s] 
[0.313s]     File "/usr/lib/python3.10/runpy.py", line 196, in _run_module_as_main
[0.313s]       return _run_code(code, main_globals, None,
[0.313s]     File "/usr/lib/python3.10/runpy.py", line 86, in _run_code
[0.313s]       exec(code, run_globals)
[0.313s]     File "/opt/ros/humble/local/lib/python3.10/dist-packages/rosidl_adapter/__main__.py", line 19, in <module>
[0.313s]       sys.exit(main())
[0.313s]     File "/opt/ros/humble/local/lib/python3.10/dist-packages/rosidl_adapter/main.py", line 53, in main
[0.313s]       abs_idl_file = convert_to_idl(
[0.313s]     File "/opt/ros/humble/local/lib/python3.10/dist-packages/rosidl_adapter/__init__.py", line 19, in convert_to_idl
[0.313s]       return convert_msg_to_idl(
[0.313s]     File "/opt/ros/humble/local/lib/python3.10/dist-packages/rosidl_adapter/msg/__init__.py", line 28, in convert_msg_to_idl
[0.313s]       msg = parse_message_string(package_name, input_file.stem, content)
[0.313s]     File "/opt/ros/humble/local/lib/python3.10/dist-packages/rosidl_adapter/parser.py", line 544, in parse_message_string
[0.313s]       msg = MessageSpecification(pkg_name, msg_name, fields, constants)
[0.314s]     File "/opt/ros/humble/local/lib/python3.10/dist-packages/rosidl_adapter/parser.py", line 388, in __init__
[0.314s]       self.base_type = BaseType(
[0.314s]     File "/opt/ros/humble/local/lib/python3.10/dist-packages/rosidl_adapter/parser.py", line 205, in __init__
[0.314s]       raise InvalidResourceName(
[0.314s] 
[0.314s]   rosidl_adapter.parser.InvalidResourceName: 'led_states' is an invalid
[0.314s]   message name.  It should have the pattern '^[A-Z][A-Za-z0-9]*$'
[0.314s] 
[0.314s] Call Stack (most recent call first):
[0.314s]   /opt/ros/humble/share/rosidl_cmake/cmake/rosidl_generate_interfaces.cmake:130 (rosidl_adapt_interfaces)
[0.314s]   CMakeLists.txt:12 (rosidl_generate_interfaces)
[0.314s] 
[0.314s] [0m
[0.314s] -- Configuring incomplete, errors occurred!
[0.314s] See also "/home/farhan-sw/Documents/Github/learn-ros2/section6-services/ros2_ws/build/my_robot_interfaces/CMakeFiles/CMakeOutput.log".
[0.316s] gmake: *** [Makefile:963: cmake_check_build_system] Error 1
[0.318s] Invoked command in '/home/farhan-sw/Documents/Github/learn-ros2/section6-services/ros2_ws/build/my_robot_interfaces' returned '2': CMAKE_PREFIX_PATH=${CMAKE_PREFIX_PATH}:/home/farhan-sw/Documents/Github/learn-ros2/section6-services/ros2_ws/install/my_py_pkg:/home/farhan-sw/Documents/Github/learn-ros2/section3/ros2_ws/install/my_py_pkg:/opt/ros/humble /usr/bin/cmake --build /home/farhan-sw/Documents/Github/learn-ros2/section6-services/ros2_ws/build/my_robot_interfaces -- -j16 -l16
