[0.006s] Invoking command in '/home/farhan-sw/Documents/Github/learn-ros2/section6-services/ros2_ws/build/my_robot_interfaces': CMAKE_PREFIX_PATH=${CMAKE_PREFIX_PATH}:/home/farhan-sw/Documents/Github/learn-ros2/section6-services/ros2_ws/install/my_py_pkg:/home/farhan-sw/Documents/Github/learn-ros2/section3/ros2_ws/install/my_py_pkg:/opt/ros/humble /usr/bin/cmake --build /home/farhan-sw/Documents/Github/learn-ros2/section6-services/ros2_ws/build/my_robot_interfaces -- -j16 -l16
[0.021s] -- Found ament_cmake: 1.3.9 (/opt/ros/humble/share/ament_cmake/cmake)
[0.096s] -- Found rosidl_default_generators: 1.2.0 (/opt/ros/humble/share/rosidl_default_generators/cmake)
[0.097s] -- Using all available rosidl_typesupport_c: rosidl_typesupport_fastrtps_c;rosidl_typesupport_introspection_c
[0.099s] -- Found rosidl_adapter: 3.1.5 (/opt/ros/humble/share/rosidl_adapter/cmake)
[0.116s] -- Using all available rosidl_typesupport_cpp: rosidl_typesupport_fastrtps_cpp;rosidl_typesupport_introspection_cpp
[0.241s] [31mCMake Error at /opt/ros/humble/share/rosidl_adapter/cmake/rosidl_adapt_interfaces.cmake:59 (message):
[0.241s]   execute_process(/usr/bin/python3 -m rosidl_adapter --package-name
[0.241s]   my_robot_interfaces --arguments-file
[0.241s]   /home/farhan-sw/Documents/Github/learn-ros2/section6-services/ros2_ws/build/my_robot_interfaces/rosidl_adapter__arguments__my_robot_interfaces.json
[0.241s]   --output-dir
[0.241s]   /home/farhan-sw/Documents/Github/learn-ros2/section6-services/ros2_ws/build/my_robot_interfaces/rosidl_adapter/my_robot_interfaces
[0.241s]   --output-file
[0.241s]   /home/farhan-sw/Documents/Github/learn-ros2/section6-services/ros2_ws/build/my_robot_interfaces/rosidl_adapter/my_robot_interfaces.idls)
[0.241s]   returned error code 1:
[0.241s] 
[0.241s]   Error processing 'LedStates led-status' of
[0.241s]   'my_robot_interfaces/SetLed_Request': ''led-status' is an invalid field
[0.241s]   name.  It should have the pattern '^(?!.*__)(?!.*_$)[a-z][a-z0-9_]*$''
[0.241s] 
[0.241s]   Traceback (most recent call last):
[0.241s] 
[0.241s]     File "/usr/lib/python3.10/runpy.py", line 196, in _run_module_as_main
[0.241s]       return _run_code(code, main_globals, None,
[0.242s]     File "/usr/lib/python3.10/runpy.py", line 86, in _run_code
[0.242s]       exec(code, run_globals)
[0.242s]     File "/opt/ros/humble/local/lib/python3.10/dist-packages/rosidl_adapter/__main__.py", line 19, in <module>
[0.242s]       sys.exit(main())
[0.242s]     File "/opt/ros/humble/local/lib/python3.10/dist-packages/rosidl_adapter/main.py", line 53, in main
[0.242s]       abs_idl_file = convert_to_idl(
[0.242s]     File "/opt/ros/humble/local/lib/python3.10/dist-packages/rosidl_adapter/__init__.py", line 24, in convert_to_idl
[0.242s]       return convert_srv_to_idl(
[0.242s]     File "/opt/ros/humble/local/lib/python3.10/dist-packages/rosidl_adapter/srv/__init__.py", line 28, in convert_srv_to_idl
[0.242s]       srv = parse_service_string(package_name, input_file.stem, content)
[0.242s]     File "/opt/ros/humble/local/lib/python3.10/dist-packages/rosidl_adapter/parser.py", line 859, in parse_service_string
[0.242s]       request_message = parse_message_string(
[0.242s]     File "/opt/ros/humble/local/lib/python3.10/dist-packages/rosidl_adapter/parser.py", line 519, in parse_message_string
[0.242s]       fields.append(Field(
[0.242s]     File "/opt/ros/humble/local/lib/python3.10/dist-packages/rosidl_adapter/parser.py", line 354, in __init__
[0.242s]       raise NameError(
[0.242s] 
[0.242s]   NameError: 'led-status' is an invalid field name.  It should have the
[0.242s]   pattern '^(?!.*__)(?!.*_$)[a-z][a-z0-9_]*$'
[0.242s] 
[0.242s] Call Stack (most recent call first):
[0.242s]   /opt/ros/humble/share/rosidl_cmake/cmake/rosidl_generate_interfaces.cmake:130 (rosidl_adapt_interfaces)
[0.242s]   CMakeLists.txt:12 (rosidl_generate_interfaces)
[0.242s] 
[0.242s] [0m
[0.242s] -- Configuring incomplete, errors occurred!
[0.242s] See also "/home/farhan-sw/Documents/Github/learn-ros2/section6-services/ros2_ws/build/my_robot_interfaces/CMakeFiles/CMakeOutput.log".
[0.245s] gmake: *** [Makefile:1179: cmake_check_build_system] Error 1
[0.246s] Invoked command in '/home/farhan-sw/Documents/Github/learn-ros2/section6-services/ros2_ws/build/my_robot_interfaces' returned '2': CMAKE_PREFIX_PATH=${CMAKE_PREFIX_PATH}:/home/farhan-sw/Documents/Github/learn-ros2/section6-services/ros2_ws/install/my_py_pkg:/home/farhan-sw/Documents/Github/learn-ros2/section3/ros2_ws/install/my_py_pkg:/opt/ros/humble /usr/bin/cmake --build /home/farhan-sw/Documents/Github/learn-ros2/section6-services/ros2_ws/build/my_robot_interfaces -- -j16 -l16
